--------------------------------------------------------------------------------
Release 14.7 Trace  (nt64)
Copyright (c) 1995-2013 Xilinx, Inc.  All rights reserved.

D:\14.7\ISE_DS\ISE\bin\nt64\unwrapped\trce.exe -intstyle ise -v 3 -s 2I -n 3
-fastpaths -xml RegisterFile.twx RegisterFile.ncd -o RegisterFile.twr
RegisterFile.pcf

Design file:              RegisterFile.ncd
Physical constraint file: RegisterFile.pcf
Device,package,speed:     xa7a100t,csg324,I,-2I (PRELIMINARY 1.07 2013-10-13)
Report level:             verbose report

Environment Variable      Effect 
--------------------      ------ 
NONE                      No environment variables were set
--------------------------------------------------------------------------------

INFO:Timing:2698 - No timing constraints found, doing default enumeration.
INFO:Timing:3412 - To improve timing, see the Timing Closure User Guide (UG612).
INFO:Timing:2752 - To get complete path coverage, use the unconstrained paths 
   option. All paths that are not constrained will be reported in the 
   unconstrained paths section(s) of the report.
INFO:Timing:3339 - The clock-to-out numbers in this timing report are based on 
   a 50 Ohm transmission line loading model.  For the details of this model, 
   and for more information on accounting for different loading conditions, 
   please see the device datasheet.



Data Sheet report:
-----------------
All values displayed in nanoseconds (ns)

Setup/Hold to clock clk
--------------+------------+------------+------------+------------+------------------+--------+
              |Max Setup to|  Process   |Max Hold to |  Process   |                  | Clock  |
Source        | clk (edge) |   Corner   | clk (edge) |   Corner   |Internal Clock(s) | Phase  |
--------------+------------+------------+------------+------------+------------------+--------+
write_data<0> |    4.406(R)|      SLOW  |    1.394(R)|      SLOW  |clk_BUFGP         |   0.000|
write_data<1> |    3.116(R)|      SLOW  |    2.031(R)|      SLOW  |clk_BUFGP         |   0.000|
write_data<2> |    3.581(R)|      SLOW  |    2.140(R)|      SLOW  |clk_BUFGP         |   0.000|
write_data<3> |    3.298(R)|      SLOW  |    2.312(R)|      SLOW  |clk_BUFGP         |   0.000|
write_data<4> |    3.581(R)|      SLOW  |    2.323(R)|      SLOW  |clk_BUFGP         |   0.000|
write_data<5> |    3.692(R)|      SLOW  |    2.090(R)|      SLOW  |clk_BUFGP         |   0.000|
write_data<6> |    3.115(R)|      SLOW  |    1.951(R)|      SLOW  |clk_BUFGP         |   0.000|
write_data<7> |    2.454(R)|      SLOW  |    2.287(R)|      SLOW  |clk_BUFGP         |   0.000|
write_data<8> |    2.312(R)|      SLOW  |    2.334(R)|      SLOW  |clk_BUFGP         |   0.000|
write_data<9> |    3.248(R)|      SLOW  |    2.186(R)|      SLOW  |clk_BUFGP         |   0.000|
write_data<10>|    2.195(R)|      SLOW  |    2.273(R)|      SLOW  |clk_BUFGP         |   0.000|
write_data<11>|    2.684(R)|      SLOW  |    2.361(R)|      SLOW  |clk_BUFGP         |   0.000|
write_data<12>|    2.712(R)|      SLOW  |    2.443(R)|      SLOW  |clk_BUFGP         |   0.000|
write_data<13>|    2.378(R)|      SLOW  |    2.629(R)|      SLOW  |clk_BUFGP         |   0.000|
write_data<14>|    1.571(R)|      SLOW  |    2.392(R)|      SLOW  |clk_BUFGP         |   0.000|
write_data<15>|    2.778(R)|      SLOW  |    2.445(R)|      SLOW  |clk_BUFGP         |   0.000|
write_data<16>|    2.127(R)|      SLOW  |    2.258(R)|      SLOW  |clk_BUFGP         |   0.000|
write_data<17>|    2.100(R)|      SLOW  |    2.128(R)|      SLOW  |clk_BUFGP         |   0.000|
write_data<18>|    1.316(R)|      FAST  |    1.898(R)|      SLOW  |clk_BUFGP         |   0.000|
write_data<19>|    1.989(R)|      SLOW  |    2.095(R)|      SLOW  |clk_BUFGP         |   0.000|
write_data<20>|    2.522(R)|      SLOW  |    2.472(R)|      SLOW  |clk_BUFGP         |   0.000|
write_data<21>|    2.125(R)|      SLOW  |    2.062(R)|      SLOW  |clk_BUFGP         |   0.000|
write_data<22>|    2.565(R)|      SLOW  |    2.305(R)|      SLOW  |clk_BUFGP         |   0.000|
write_data<23>|    1.445(R)|      SLOW  |    2.094(R)|      SLOW  |clk_BUFGP         |   0.000|
write_data<24>|    1.786(R)|      SLOW  |    1.819(R)|      SLOW  |clk_BUFGP         |   0.000|
write_data<25>|    1.636(R)|      SLOW  |    2.191(R)|      SLOW  |clk_BUFGP         |   0.000|
write_data<26>|    2.732(R)|      SLOW  |    1.793(R)|      SLOW  |clk_BUFGP         |   0.000|
write_data<27>|    2.568(R)|      SLOW  |    1.844(R)|      SLOW  |clk_BUFGP         |   0.000|
write_data<28>|    1.790(R)|      SLOW  |    1.885(R)|      SLOW  |clk_BUFGP         |   0.000|
write_data<29>|    1.555(R)|      SLOW  |    1.969(R)|      SLOW  |clk_BUFGP         |   0.000|
write_data<30>|    2.023(R)|      SLOW  |    1.862(R)|      SLOW  |clk_BUFGP         |   0.000|
write_data<31>|    2.108(R)|      SLOW  |    2.030(R)|      SLOW  |clk_BUFGP         |   0.000|
write_ena     |    6.185(R)|      SLOW  |    1.570(R)|      SLOW  |clk_BUFGP         |   0.000|
write_sel<0>  |    5.307(R)|      SLOW  |    1.053(R)|      SLOW  |clk_BUFGP         |   0.000|
write_sel<1>  |    4.782(R)|      SLOW  |    1.147(R)|      SLOW  |clk_BUFGP         |   0.000|
write_sel<2>  |    4.436(R)|      SLOW  |    1.102(R)|      SLOW  |clk_BUFGP         |   0.000|
write_sel<3>  |    4.852(R)|      SLOW  |    1.192(R)|      SLOW  |clk_BUFGP         |   0.000|
write_sel<4>  |    5.181(R)|      SLOW  |    1.159(R)|      SLOW  |clk_BUFGP         |   0.000|
--------------+------------+------------+------------+------------+------------------+--------+

Clock clk to Pad
------------+-----------------+------------+-----------------+------------+------------------+--------+
            |Max (slowest) clk|  Process   |Min (fastest) clk|  Process   |                  | Clock  |
Destination |  (edge) to PAD  |   Corner   |  (edge) to PAD  |   Corner   |Internal Clock(s) | Phase  |
------------+-----------------+------------+-----------------+------------+------------------+--------+
data1<0>    |        12.859(R)|      SLOW  |         4.328(R)|      FAST  |clk_BUFGP         |   0.000|
data1<1>    |        13.026(R)|      SLOW  |         4.306(R)|      FAST  |clk_BUFGP         |   0.000|
data1<2>    |        13.006(R)|      SLOW  |         4.417(R)|      FAST  |clk_BUFGP         |   0.000|
data1<3>    |        12.728(R)|      SLOW  |         4.201(R)|      FAST  |clk_BUFGP         |   0.000|
data1<4>    |        12.842(R)|      SLOW  |         4.459(R)|      FAST  |clk_BUFGP         |   0.000|
data1<5>    |        12.683(R)|      SLOW  |         4.344(R)|      FAST  |clk_BUFGP         |   0.000|
data1<6>    |        13.037(R)|      SLOW  |         4.564(R)|      FAST  |clk_BUFGP         |   0.000|
data1<7>    |        13.076(R)|      SLOW  |         4.512(R)|      FAST  |clk_BUFGP         |   0.000|
data1<8>    |        12.799(R)|      SLOW  |         4.271(R)|      FAST  |clk_BUFGP         |   0.000|
data1<9>    |        12.550(R)|      SLOW  |         4.159(R)|      FAST  |clk_BUFGP         |   0.000|
data1<10>   |        12.622(R)|      SLOW  |         4.403(R)|      FAST  |clk_BUFGP         |   0.000|
data1<11>   |        12.929(R)|      SLOW  |         4.503(R)|      FAST  |clk_BUFGP         |   0.000|
data1<12>   |        12.286(R)|      SLOW  |         4.162(R)|      FAST  |clk_BUFGP         |   0.000|
data1<13>   |        12.494(R)|      SLOW  |         4.307(R)|      FAST  |clk_BUFGP         |   0.000|
data1<14>   |        12.829(R)|      SLOW  |         4.091(R)|      FAST  |clk_BUFGP         |   0.000|
data1<15>   |        12.183(R)|      SLOW  |         4.296(R)|      FAST  |clk_BUFGP         |   0.000|
data1<16>   |        12.800(R)|      SLOW  |         4.140(R)|      FAST  |clk_BUFGP         |   0.000|
data1<17>   |        12.691(R)|      SLOW  |         4.412(R)|      FAST  |clk_BUFGP         |   0.000|
data1<18>   |        13.067(R)|      SLOW  |         4.414(R)|      FAST  |clk_BUFGP         |   0.000|
data1<19>   |        13.063(R)|      SLOW  |         4.307(R)|      FAST  |clk_BUFGP         |   0.000|
data1<20>   |        13.239(R)|      SLOW  |         4.247(R)|      FAST  |clk_BUFGP         |   0.000|
data1<21>   |        12.906(R)|      SLOW  |         4.291(R)|      FAST  |clk_BUFGP         |   0.000|
data1<22>   |        12.746(R)|      SLOW  |         4.289(R)|      FAST  |clk_BUFGP         |   0.000|
data1<23>   |        13.022(R)|      SLOW  |         4.526(R)|      FAST  |clk_BUFGP         |   0.000|
data1<24>   |        12.926(R)|      SLOW  |         4.531(R)|      FAST  |clk_BUFGP         |   0.000|
data1<25>   |        13.253(R)|      SLOW  |         4.277(R)|      FAST  |clk_BUFGP         |   0.000|
data1<26>   |        13.061(R)|      SLOW  |         4.476(R)|      FAST  |clk_BUFGP         |   0.000|
data1<27>   |        12.996(R)|      SLOW  |         4.217(R)|      FAST  |clk_BUFGP         |   0.000|
data1<28>   |        12.901(R)|      SLOW  |         4.334(R)|      FAST  |clk_BUFGP         |   0.000|
data1<29>   |        13.505(R)|      SLOW  |         4.624(R)|      FAST  |clk_BUFGP         |   0.000|
data1<30>   |        12.815(R)|      SLOW  |         4.307(R)|      FAST  |clk_BUFGP         |   0.000|
data1<31>   |        13.201(R)|      SLOW  |         4.476(R)|      FAST  |clk_BUFGP         |   0.000|
data2<0>    |        12.311(R)|      SLOW  |         4.255(R)|      FAST  |clk_BUFGP         |   0.000|
data2<1>    |        12.355(R)|      SLOW  |         3.987(R)|      FAST  |clk_BUFGP         |   0.000|
data2<2>    |        12.711(R)|      SLOW  |         4.256(R)|      FAST  |clk_BUFGP         |   0.000|
data2<3>    |        12.882(R)|      SLOW  |         4.202(R)|      FAST  |clk_BUFGP         |   0.000|
data2<4>    |        12.937(R)|      SLOW  |         4.202(R)|      FAST  |clk_BUFGP         |   0.000|
data2<5>    |        12.517(R)|      SLOW  |         4.153(R)|      FAST  |clk_BUFGP         |   0.000|
data2<6>    |        13.139(R)|      SLOW  |         4.320(R)|      FAST  |clk_BUFGP         |   0.000|
data2<7>    |        13.054(R)|      SLOW  |         4.468(R)|      FAST  |clk_BUFGP         |   0.000|
data2<8>    |        13.117(R)|      SLOW  |         4.340(R)|      FAST  |clk_BUFGP         |   0.000|
data2<9>    |        13.253(R)|      SLOW  |         4.442(R)|      FAST  |clk_BUFGP         |   0.000|
data2<10>   |        13.017(R)|      SLOW  |         4.635(R)|      FAST  |clk_BUFGP         |   0.000|
data2<11>   |        12.874(R)|      SLOW  |         4.489(R)|      FAST  |clk_BUFGP         |   0.000|
data2<12>   |        12.780(R)|      SLOW  |         4.333(R)|      FAST  |clk_BUFGP         |   0.000|
data2<13>   |        13.228(R)|      SLOW  |         4.355(R)|      FAST  |clk_BUFGP         |   0.000|
data2<14>   |        13.880(R)|      SLOW  |         4.293(R)|      FAST  |clk_BUFGP         |   0.000|
data2<15>   |        13.310(R)|      SLOW  |         4.383(R)|      FAST  |clk_BUFGP         |   0.000|
data2<16>   |        13.585(R)|      SLOW  |         4.390(R)|      FAST  |clk_BUFGP         |   0.000|
data2<17>   |        13.162(R)|      SLOW  |         4.568(R)|      FAST  |clk_BUFGP         |   0.000|
data2<18>   |        13.433(R)|      SLOW  |         4.435(R)|      FAST  |clk_BUFGP         |   0.000|
data2<19>   |        13.660(R)|      SLOW  |         4.890(R)|      FAST  |clk_BUFGP         |   0.000|
data2<20>   |        12.873(R)|      SLOW  |         4.409(R)|      FAST  |clk_BUFGP         |   0.000|
data2<21>   |        13.275(R)|      SLOW  |         4.419(R)|      FAST  |clk_BUFGP         |   0.000|
data2<22>   |        13.421(R)|      SLOW  |         4.393(R)|      FAST  |clk_BUFGP         |   0.000|
data2<23>   |        13.909(R)|      SLOW  |         4.758(R)|      FAST  |clk_BUFGP         |   0.000|
data2<24>   |        13.041(R)|      SLOW  |         4.605(R)|      FAST  |clk_BUFGP         |   0.000|
data2<25>   |        13.742(R)|      SLOW  |         4.779(R)|      FAST  |clk_BUFGP         |   0.000|
data2<26>   |        13.147(R)|      SLOW  |         4.501(R)|      FAST  |clk_BUFGP         |   0.000|
data2<27>   |        13.369(R)|      SLOW  |         4.355(R)|      FAST  |clk_BUFGP         |   0.000|
data2<28>   |        13.132(R)|      SLOW  |         4.445(R)|      FAST  |clk_BUFGP         |   0.000|
data2<29>   |        12.876(R)|      SLOW  |         4.446(R)|      FAST  |clk_BUFGP         |   0.000|
data2<30>   |        13.459(R)|      SLOW  |         4.390(R)|      FAST  |clk_BUFGP         |   0.000|
data2<31>   |        13.273(R)|      SLOW  |         4.313(R)|      FAST  |clk_BUFGP         |   0.000|
------------+-----------------+------------+-----------------+------------+------------------+--------+

Clock to Setup on destination clock clk
---------------+---------+---------+---------+---------+
               | Src:Rise| Src:Fall| Src:Rise| Src:Fall|
Source Clock   |Dest:Rise|Dest:Rise|Dest:Fall|Dest:Fall|
---------------+---------+---------+---------+---------+
clk            |    2.340|         |         |         |
---------------+---------+---------+---------+---------+

Pad to Pad
---------------+---------------+---------+
Source Pad     |Destination Pad|  Delay  |
---------------+---------------+---------+
read_sel1<0>   |data1<0>       |   14.329|
read_sel1<0>   |data1<1>       |   14.738|
read_sel1<0>   |data1<2>       |   14.741|
read_sel1<0>   |data1<3>       |   14.323|
read_sel1<0>   |data1<4>       |   14.143|
read_sel1<0>   |data1<5>       |   14.298|
read_sel1<0>   |data1<6>       |   14.520|
read_sel1<0>   |data1<7>       |   14.883|
read_sel1<0>   |data1<8>       |   14.982|
read_sel1<0>   |data1<9>       |   13.446|
read_sel1<0>   |data1<10>      |   14.711|
read_sel1<0>   |data1<11>      |   14.841|
read_sel1<0>   |data1<12>      |   14.979|
read_sel1<0>   |data1<13>      |   14.326|
read_sel1<0>   |data1<14>      |   15.203|
read_sel1<0>   |data1<15>      |   14.299|
read_sel1<0>   |data1<16>      |   15.450|
read_sel1<0>   |data1<17>      |   15.202|
read_sel1<0>   |data1<18>      |   15.097|
read_sel1<0>   |data1<19>      |   15.547|
read_sel1<0>   |data1<20>      |   15.243|
read_sel1<0>   |data1<21>      |   15.430|
read_sel1<0>   |data1<22>      |   15.657|
read_sel1<0>   |data1<23>      |   15.899|
read_sel1<0>   |data1<24>      |   15.582|
read_sel1<0>   |data1<25>      |   15.257|
read_sel1<0>   |data1<26>      |   15.723|
read_sel1<0>   |data1<27>      |   15.945|
read_sel1<0>   |data1<28>      |   15.861|
read_sel1<0>   |data1<29>      |   16.460|
read_sel1<0>   |data1<30>      |   15.814|
read_sel1<0>   |data1<31>      |   15.607|
read_sel1<1>   |data1<0>       |   14.509|
read_sel1<1>   |data1<1>       |   14.764|
read_sel1<1>   |data1<2>       |   15.158|
read_sel1<1>   |data1<3>       |   13.586|
read_sel1<1>   |data1<4>       |   13.483|
read_sel1<1>   |data1<5>       |   13.405|
read_sel1<1>   |data1<6>       |   13.543|
read_sel1<1>   |data1<7>       |   13.868|
read_sel1<1>   |data1<8>       |   14.967|
read_sel1<1>   |data1<9>       |   14.651|
read_sel1<1>   |data1<10>      |   14.654|
read_sel1<1>   |data1<11>      |   13.682|
read_sel1<1>   |data1<12>      |   13.789|
read_sel1<1>   |data1<13>      |   14.378|
read_sel1<1>   |data1<14>      |   13.503|
read_sel1<1>   |data1<15>      |   13.484|
read_sel1<1>   |data1<16>      |   14.488|
read_sel1<1>   |data1<17>      |   15.032|
read_sel1<1>   |data1<18>      |   15.541|
read_sel1<1>   |data1<19>      |   14.187|
read_sel1<1>   |data1<20>      |   14.699|
read_sel1<1>   |data1<21>      |   14.260|
read_sel1<1>   |data1<22>      |   15.540|
read_sel1<1>   |data1<23>      |   14.882|
read_sel1<1>   |data1<24>      |   14.662|
read_sel1<1>   |data1<25>      |   16.156|
read_sel1<1>   |data1<26>      |   15.967|
read_sel1<1>   |data1<27>      |   15.925|
read_sel1<1>   |data1<28>      |   14.703|
read_sel1<1>   |data1<29>      |   15.938|
read_sel1<1>   |data1<30>      |   14.482|
read_sel1<1>   |data1<31>      |   14.319|
read_sel1<2>   |data1<0>       |    9.227|
read_sel1<2>   |data1<1>       |    8.642|
read_sel1<2>   |data1<2>       |    8.800|
read_sel1<2>   |data1<3>       |    9.043|
read_sel1<2>   |data1<4>       |    9.163|
read_sel1<2>   |data1<5>       |    8.613|
read_sel1<2>   |data1<6>       |    9.117|
read_sel1<2>   |data1<7>       |    9.312|
read_sel1<2>   |data1<8>       |    9.064|
read_sel1<2>   |data1<9>       |    9.041|
read_sel1<2>   |data1<10>      |    9.409|
read_sel1<2>   |data1<11>      |    9.199|
read_sel1<2>   |data1<12>      |    8.684|
read_sel1<2>   |data1<13>      |    9.162|
read_sel1<2>   |data1<14>      |    8.508|
read_sel1<2>   |data1<15>      |    8.640|
read_sel1<2>   |data1<16>      |    8.704|
read_sel1<2>   |data1<17>      |    9.377|
read_sel1<2>   |data1<18>      |    9.386|
read_sel1<2>   |data1<19>      |    9.454|
read_sel1<2>   |data1<20>      |    8.747|
read_sel1<2>   |data1<21>      |    8.409|
read_sel1<2>   |data1<22>      |    8.843|
read_sel1<2>   |data1<23>      |    9.383|
read_sel1<2>   |data1<24>      |    9.472|
read_sel1<2>   |data1<25>      |    8.719|
read_sel1<2>   |data1<26>      |    8.834|
read_sel1<2>   |data1<27>      |    8.890|
read_sel1<2>   |data1<28>      |    8.961|
read_sel1<2>   |data1<29>      |   10.163|
read_sel1<2>   |data1<30>      |    9.201|
read_sel1<2>   |data1<31>      |    8.932|
read_sel1<3>   |data1<0>       |    9.454|
read_sel1<3>   |data1<1>       |    8.783|
read_sel1<3>   |data1<2>       |    9.200|
read_sel1<3>   |data1<3>       |    9.082|
read_sel1<3>   |data1<4>       |    9.458|
read_sel1<3>   |data1<5>       |    8.703|
read_sel1<3>   |data1<6>       |    9.218|
read_sel1<3>   |data1<7>       |    9.180|
read_sel1<3>   |data1<8>       |    8.972|
read_sel1<3>   |data1<9>       |    8.832|
read_sel1<3>   |data1<10>      |    9.409|
read_sel1<3>   |data1<11>      |    9.637|
read_sel1<3>   |data1<12>      |    8.607|
read_sel1<3>   |data1<13>      |    9.099|
read_sel1<3>   |data1<14>      |    8.555|
read_sel1<3>   |data1<15>      |    8.025|
read_sel1<3>   |data1<16>      |    8.863|
read_sel1<3>   |data1<17>      |    9.563|
read_sel1<3>   |data1<18>      |    9.332|
read_sel1<3>   |data1<19>      |    9.327|
read_sel1<3>   |data1<20>      |    9.350|
read_sel1<3>   |data1<21>      |    9.651|
read_sel1<3>   |data1<22>      |    8.613|
read_sel1<3>   |data1<23>      |    9.101|
read_sel1<3>   |data1<24>      |    9.914|
read_sel1<3>   |data1<25>      |    9.782|
read_sel1<3>   |data1<26>      |    9.760|
read_sel1<3>   |data1<27>      |    9.611|
read_sel1<3>   |data1<28>      |    8.959|
read_sel1<3>   |data1<29>      |    9.981|
read_sel1<3>   |data1<30>      |    9.361|
read_sel1<3>   |data1<31>      |    9.420|
read_sel1<4>   |data1<0>       |    8.964|
read_sel1<4>   |data1<1>       |    8.457|
read_sel1<4>   |data1<2>       |    8.860|
read_sel1<4>   |data1<3>       |    9.064|
read_sel1<4>   |data1<4>       |    9.410|
read_sel1<4>   |data1<5>       |    8.531|
read_sel1<4>   |data1<6>       |    9.168|
read_sel1<4>   |data1<7>       |    9.158|
read_sel1<4>   |data1<8>       |    9.181|
read_sel1<4>   |data1<9>       |    8.668|
read_sel1<4>   |data1<10>      |    8.858|
read_sel1<4>   |data1<11>      |    9.548|
read_sel1<4>   |data1<12>      |    8.754|
read_sel1<4>   |data1<13>      |    9.304|
read_sel1<4>   |data1<14>      |    8.233|
read_sel1<4>   |data1<15>      |    8.137|
read_sel1<4>   |data1<16>      |    8.514|
read_sel1<4>   |data1<17>      |    9.391|
read_sel1<4>   |data1<18>      |    9.588|
read_sel1<4>   |data1<19>      |    9.615|
read_sel1<4>   |data1<20>      |    9.128|
read_sel1<4>   |data1<21>      |    8.637|
read_sel1<4>   |data1<22>      |    8.699|
read_sel1<4>   |data1<23>      |    9.505|
read_sel1<4>   |data1<24>      |    9.345|
read_sel1<4>   |data1<25>      |    9.103|
read_sel1<4>   |data1<26>      |    9.222|
read_sel1<4>   |data1<27>      |    8.874|
read_sel1<4>   |data1<28>      |    9.039|
read_sel1<4>   |data1<29>      |    9.487|
read_sel1<4>   |data1<30>      |    9.384|
read_sel1<4>   |data1<31>      |    9.133|
read_sel2<0>   |data2<0>       |   14.936|
read_sel2<0>   |data2<1>       |   14.650|
read_sel2<0>   |data2<2>       |   15.194|
read_sel2<0>   |data2<3>       |   14.657|
read_sel2<0>   |data2<4>       |   15.432|
read_sel2<0>   |data2<5>       |   15.371|
read_sel2<0>   |data2<6>       |   15.375|
read_sel2<0>   |data2<7>       |   14.842|
read_sel2<0>   |data2<8>       |   15.805|
read_sel2<0>   |data2<9>       |   14.575|
read_sel2<0>   |data2<10>      |   15.966|
read_sel2<0>   |data2<11>      |   14.711|
read_sel2<0>   |data2<12>      |   15.782|
read_sel2<0>   |data2<13>      |   16.080|
read_sel2<0>   |data2<14>      |   16.189|
read_sel2<0>   |data2<15>      |   14.698|
read_sel2<0>   |data2<16>      |   16.186|
read_sel2<0>   |data2<17>      |   16.369|
read_sel2<0>   |data2<18>      |   16.168|
read_sel2<0>   |data2<19>      |   15.393|
read_sel2<0>   |data2<20>      |   15.878|
read_sel2<0>   |data2<21>      |   15.935|
read_sel2<0>   |data2<22>      |   16.206|
read_sel2<0>   |data2<23>      |   17.154|
read_sel2<0>   |data2<24>      |   15.648|
read_sel2<0>   |data2<25>      |   16.583|
read_sel2<0>   |data2<26>      |   15.999|
read_sel2<0>   |data2<27>      |   16.325|
read_sel2<0>   |data2<28>      |   15.864|
read_sel2<0>   |data2<29>      |   15.585|
read_sel2<0>   |data2<30>      |   16.194|
read_sel2<0>   |data2<31>      |   15.628|
read_sel2<1>   |data2<0>       |   12.698|
read_sel2<1>   |data2<1>       |   12.326|
read_sel2<1>   |data2<2>       |   13.108|
read_sel2<1>   |data2<3>       |   12.706|
read_sel2<1>   |data2<4>       |   12.952|
read_sel2<1>   |data2<5>       |   13.314|
read_sel2<1>   |data2<6>       |   13.074|
read_sel2<1>   |data2<7>       |   13.273|
read_sel2<1>   |data2<8>       |   13.390|
read_sel2<1>   |data2<9>       |   13.819|
read_sel2<1>   |data2<10>      |   13.895|
read_sel2<1>   |data2<11>      |   13.490|
read_sel2<1>   |data2<12>      |   13.203|
read_sel2<1>   |data2<13>      |   13.729|
read_sel2<1>   |data2<14>      |   14.311|
read_sel2<1>   |data2<15>      |   13.673|
read_sel2<1>   |data2<16>      |   14.090|
read_sel2<1>   |data2<17>      |   13.614|
read_sel2<1>   |data2<18>      |   14.131|
read_sel2<1>   |data2<19>      |   14.549|
read_sel2<1>   |data2<20>      |   14.098|
read_sel2<1>   |data2<21>      |   14.233|
read_sel2<1>   |data2<22>      |   14.685|
read_sel2<1>   |data2<23>      |   15.181|
read_sel2<1>   |data2<24>      |   14.315|
read_sel2<1>   |data2<25>      |   14.816|
read_sel2<1>   |data2<26>      |   14.082|
read_sel2<1>   |data2<27>      |   15.029|
read_sel2<1>   |data2<28>      |   14.622|
read_sel2<1>   |data2<29>      |   14.223|
read_sel2<1>   |data2<30>      |   14.454|
read_sel2<1>   |data2<31>      |   14.489|
read_sel2<2>   |data2<0>       |    8.988|
read_sel2<2>   |data2<1>       |    8.459|
read_sel2<2>   |data2<2>       |    8.879|
read_sel2<2>   |data2<3>       |    9.489|
read_sel2<2>   |data2<4>       |    9.013|
read_sel2<2>   |data2<5>       |    8.602|
read_sel2<2>   |data2<6>       |    9.433|
read_sel2<2>   |data2<7>       |    9.543|
read_sel2<2>   |data2<8>       |    8.571|
read_sel2<2>   |data2<9>       |    9.412|
read_sel2<2>   |data2<10>      |    9.165|
read_sel2<2>   |data2<11>      |    9.637|
read_sel2<2>   |data2<12>      |    8.901|
read_sel2<2>   |data2<13>      |    9.316|
read_sel2<2>   |data2<14>      |    8.749|
read_sel2<2>   |data2<15>      |    8.908|
read_sel2<2>   |data2<16>      |    9.192|
read_sel2<2>   |data2<17>      |    9.521|
read_sel2<2>   |data2<18>      |    9.162|
read_sel2<2>   |data2<19>      |    9.366|
read_sel2<2>   |data2<20>      |    9.144|
read_sel2<2>   |data2<21>      |    9.506|
read_sel2<2>   |data2<22>      |    8.886|
read_sel2<2>   |data2<23>      |    9.593|
read_sel2<2>   |data2<24>      |   10.350|
read_sel2<2>   |data2<25>      |   10.292|
read_sel2<2>   |data2<26>      |    9.769|
read_sel2<2>   |data2<27>      |    9.360|
read_sel2<2>   |data2<28>      |    9.496|
read_sel2<2>   |data2<29>      |    9.880|
read_sel2<2>   |data2<30>      |    9.546|
read_sel2<2>   |data2<31>      |    9.331|
read_sel2<3>   |data2<0>       |    8.990|
read_sel2<3>   |data2<1>       |    8.667|
read_sel2<3>   |data2<2>       |    8.518|
read_sel2<3>   |data2<3>       |    8.984|
read_sel2<3>   |data2<4>       |    8.467|
read_sel2<3>   |data2<5>       |    8.825|
read_sel2<3>   |data2<6>       |    8.947|
read_sel2<3>   |data2<7>       |    8.891|
read_sel2<3>   |data2<8>       |    8.758|
read_sel2<3>   |data2<9>       |    9.250|
read_sel2<3>   |data2<10>      |    9.332|
read_sel2<3>   |data2<11>      |    9.436|
read_sel2<3>   |data2<12>      |    8.753|
read_sel2<3>   |data2<13>      |    9.501|
read_sel2<3>   |data2<14>      |    9.283|
read_sel2<3>   |data2<15>      |    9.631|
read_sel2<3>   |data2<16>      |    9.544|
read_sel2<3>   |data2<17>      |    9.528|
read_sel2<3>   |data2<18>      |    9.510|
read_sel2<3>   |data2<19>      |    9.718|
read_sel2<3>   |data2<20>      |    9.341|
read_sel2<3>   |data2<21>      |    9.531|
read_sel2<3>   |data2<22>      |    9.686|
read_sel2<3>   |data2<23>      |    9.508|
read_sel2<3>   |data2<24>      |    9.492|
read_sel2<3>   |data2<25>      |   10.541|
read_sel2<3>   |data2<26>      |    9.916|
read_sel2<3>   |data2<27>      |    9.370|
read_sel2<3>   |data2<28>      |    9.712|
read_sel2<3>   |data2<29>      |    9.464|
read_sel2<3>   |data2<30>      |    9.736|
read_sel2<3>   |data2<31>      |    9.143|
read_sel2<4>   |data2<0>       |    8.506|
read_sel2<4>   |data2<1>       |    8.257|
read_sel2<4>   |data2<2>       |    8.378|
read_sel2<4>   |data2<3>       |    8.545|
read_sel2<4>   |data2<4>       |    8.344|
read_sel2<4>   |data2<5>       |    8.298|
read_sel2<4>   |data2<6>       |    8.767|
read_sel2<4>   |data2<7>       |    8.746|
read_sel2<4>   |data2<8>       |    8.912|
read_sel2<4>   |data2<9>       |    8.978|
read_sel2<4>   |data2<10>      |    9.148|
read_sel2<4>   |data2<11>      |    9.063|
read_sel2<4>   |data2<12>      |    8.907|
read_sel2<4>   |data2<13>      |    9.027|
read_sel2<4>   |data2<14>      |    9.108|
read_sel2<4>   |data2<15>      |    8.991|
read_sel2<4>   |data2<16>      |    8.890|
read_sel2<4>   |data2<17>      |    9.244|
read_sel2<4>   |data2<18>      |    9.161|
read_sel2<4>   |data2<19>      |    9.668|
read_sel2<4>   |data2<20>      |    8.770|
read_sel2<4>   |data2<21>      |    9.178|
read_sel2<4>   |data2<22>      |    8.881|
read_sel2<4>   |data2<23>      |    9.458|
read_sel2<4>   |data2<24>      |    9.466|
read_sel2<4>   |data2<25>      |    9.683|
read_sel2<4>   |data2<26>      |    9.105|
read_sel2<4>   |data2<27>      |    8.713|
read_sel2<4>   |data2<28>      |    9.171|
read_sel2<4>   |data2<29>      |    9.254|
read_sel2<4>   |data2<30>      |    9.353|
read_sel2<4>   |data2<31>      |    8.827|
---------------+---------------+---------+


Analysis completed Wed Apr 08 18:48:27 2020 
--------------------------------------------------------------------------------

Trace Settings:
-------------------------
Trace Settings 

Peak Memory Usage: 4962 MB



