Release 14.7 - xst P.20131013 (nt64)
Copyright (c) 1995-2013 Xilinx, Inc.  All rights reserved.
--> Parameter TMPDIR set to xst/projnav.tmp


Total REAL time to Xst completion: 0.00 secs
Total CPU time to Xst completion: 0.15 secs
 
--> Parameter xsthdpdir set to xst


Total REAL time to Xst completion: 0.00 secs
Total CPU time to Xst completion: 0.15 secs
 
--> Reading design: RegisterFile.prj

TABLE OF CONTENTS
  1) Synthesis Options Summary
  2) HDL Parsing
  3) HDL Elaboration
  4) HDL Synthesis
       4.1) HDL Synthesis Report
  5) Advanced HDL Synthesis
       5.1) Advanced HDL Synthesis Report
  6) Low Level Synthesis
  7) Partition Report
  8) Design Summary
       8.1) Primitive and Black Box Usage
       8.2) Device utilization summary
       8.3) Partition Resource Summary
       8.4) Timing Report
            8.4.1) Clock Information
            8.4.2) Asynchronous Control Signals Information
            8.4.3) Timing Summary
            8.4.4) Timing Details
            8.4.5) Cross Clock Domains Report


=========================================================================
*                      Synthesis Options Summary                        *
=========================================================================
---- Source Parameters
Input File Name                    : "RegisterFile.prj"
Ignore Synthesis Constraint File   : NO

---- Target Parameters
Output File Name                   : "RegisterFile"
Output Format                      : NGC
Target Device                      : xa7a100t-2I-csg324

---- Source Options
Top Module Name                    : RegisterFile
Automatic FSM Extraction           : YES
FSM Encoding Algorithm             : Auto
Safe Implementation                : No
FSM Style                          : LUT
RAM Extraction                     : Yes
RAM Style                          : Auto
ROM Extraction                     : Yes
Shift Register Extraction          : YES
ROM Style                          : Auto
Resource Sharing                   : YES
Asynchronous To Synchronous        : NO
Shift Register Minimum Size        : 2
Use DSP Block                      : Auto
Automatic Register Balancing       : No

---- Target Options
LUT Combining                      : Auto
Reduce Control Sets                : Auto
Add IO Buffers                     : YES
Global Maximum Fanout              : 100000
Add Generic Clock Buffer(BUFG)     : 32
Register Duplication               : YES
Optimize Instantiated Primitives   : NO
Use Clock Enable                   : Auto
Use Synchronous Set                : Auto
Use Synchronous Reset              : Auto
Pack IO Registers into IOBs        : Auto
Equivalent register Removal        : YES

---- General Options
Optimization Goal                  : Speed
Optimization Effort                : 1
Power Reduction                    : NO
Keep Hierarchy                     : No
Netlist Hierarchy                  : As_Optimized
RTL Output                         : Yes
Global Optimization                : AllClockNets
Read Cores                         : YES
Write Timing Constraints           : NO
Cross Clock Analysis               : NO
Hierarchy Separator                : /
Bus Delimiter                      : <>
Case Specifier                     : Maintain
Slice Utilization Ratio            : 100
BRAM Utilization Ratio             : 100
DSP48 Utilization Ratio            : 100
Auto BRAM Packing                  : NO
Slice Utilization Ratio Delta      : 5

=========================================================================


=========================================================================
*                          HDL Parsing                                  *
=========================================================================
Parsing VHDL file "D:\arci\project_archi\reg.vhd" into library work
Parsing entity <reg>.
Parsing architecture <Behavioral> of entity <reg>.
Parsing VHDL file "D:\arci\project_archi\OURLIBRARY.vhd" into library work
Parsing package <OURLIBRARY>.
Parsing VHDL file "D:\arci\project_archi\mux32.vhd" into library work
Parsing entity <mux32>.
Parsing architecture <Behavioral> of entity <mux32>.
Parsing VHDL file "D:\arci\project_archi\decoder.vhd" into library work
Parsing entity <decoder>.
Parsing architecture <Behavioral> of entity <decoder>.
Parsing VHDL file "D:\arci\project_archi\RegisterFile.vhd" into library work
Parsing entity <RegisterFile>.
Parsing architecture <Behavioral> of entity <registerfile>.
WARNING:HDLCompiler:946 - "D:\arci\project_archi\RegisterFile.vhd" Line 97: Actual for formal port lod is neither a static name nor a globally static expression
WARNING:HDLCompiler:946 - "D:\arci\project_archi\RegisterFile.vhd" Line 98: Actual for formal port lod is neither a static name nor a globally static expression
WARNING:HDLCompiler:946 - "D:\arci\project_archi\RegisterFile.vhd" Line 99: Actual for formal port lod is neither a static name nor a globally static expression
WARNING:HDLCompiler:946 - "D:\arci\project_archi\RegisterFile.vhd" Line 100: Actual for formal port lod is neither a static name nor a globally static expression
WARNING:HDLCompiler:946 - "D:\arci\project_archi\RegisterFile.vhd" Line 101: Actual for formal port lod is neither a static name nor a globally static expression
WARNING:HDLCompiler:946 - "D:\arci\project_archi\RegisterFile.vhd" Line 102: Actual for formal port lod is neither a static name nor a globally static expression
WARNING:HDLCompiler:946 - "D:\arci\project_archi\RegisterFile.vhd" Line 103: Actual for formal port lod is neither a static name nor a globally static expression
WARNING:HDLCompiler:946 - "D:\arci\project_archi\RegisterFile.vhd" Line 104: Actual for formal port lod is neither a static name nor a globally static expression
WARNING:HDLCompiler:946 - "D:\arci\project_archi\RegisterFile.vhd" Line 105: Actual for formal port lod is neither a static name nor a globally static expression
WARNING:HDLCompiler:946 - "D:\arci\project_archi\RegisterFile.vhd" Line 106: Actual for formal port lod is neither a static name nor a globally static expression
WARNING:HDLCompiler:946 - "D:\arci\project_archi\RegisterFile.vhd" Line 107: Actual for formal port lod is neither a static name nor a globally static expression
WARNING:HDLCompiler:946 - "D:\arci\project_archi\RegisterFile.vhd" Line 108: Actual for formal port lod is neither a static name nor a globally static expression
WARNING:HDLCompiler:946 - "D:\arci\project_archi\RegisterFile.vhd" Line 109: Actual for formal port lod is neither a static name nor a globally static expression
WARNING:HDLCompiler:946 - "D:\arci\project_archi\RegisterFile.vhd" Line 110: Actual for formal port lod is neither a static name nor a globally static expression
WARNING:HDLCompiler:946 - "D:\arci\project_archi\RegisterFile.vhd" Line 111: Actual for formal port lod is neither a static name nor a globally static expression
WARNING:HDLCompiler:946 - "D:\arci\project_archi\RegisterFile.vhd" Line 112: Actual for formal port lod is neither a static name nor a globally static expression
WARNING:HDLCompiler:946 - "D:\arci\project_archi\RegisterFile.vhd" Line 113: Actual for formal port lod is neither a static name nor a globally static expression
WARNING:HDLCompiler:946 - "D:\arci\project_archi\RegisterFile.vhd" Line 114: Actual for formal port lod is neither a static name nor a globally static expression
WARNING:HDLCompiler:946 - "D:\arci\project_archi\RegisterFile.vhd" Line 115: Actual for formal port lod is neither a static name nor a globally static expression
WARNING:HDLCompiler:946 - "D:\arci\project_archi\RegisterFile.vhd" Line 116: Actual for formal port lod is neither a static name nor a globally static expression
WARNING:HDLCompiler:946 - "D:\arci\project_archi\RegisterFile.vhd" Line 117: Actual for formal port lod is neither a static name nor a globally static expression
WARNING:HDLCompiler:946 - "D:\arci\project_archi\RegisterFile.vhd" Line 118: Actual for formal port lod is neither a static name nor a globally static expression
WARNING:HDLCompiler:946 - "D:\arci\project_archi\RegisterFile.vhd" Line 119: Actual for formal port lod is neither a static name nor a globally static expression
WARNING:HDLCompiler:946 - "D:\arci\project_archi\RegisterFile.vhd" Line 120: Actual for formal port lod is neither a static name nor a globally static expression
WARNING:HDLCompiler:946 - "D:\arci\project_archi\RegisterFile.vhd" Line 121: Actual for formal port lod is neither a static name nor a globally static expression
WARNING:HDLCompiler:946 - "D:\arci\project_archi\RegisterFile.vhd" Line 122: Actual for formal port lod is neither a static name nor a globally static expression
WARNING:HDLCompiler:946 - "D:\arci\project_archi\RegisterFile.vhd" Line 123: Actual for formal port lod is neither a static name nor a globally static expression
WARNING:HDLCompiler:946 - "D:\arci\project_archi\RegisterFile.vhd" Line 124: Actual for formal port lod is neither a static name nor a globally static expression
WARNING:HDLCompiler:946 - "D:\arci\project_archi\RegisterFile.vhd" Line 125: Actual for formal port lod is neither a static name nor a globally static expression
WARNING:HDLCompiler:946 - "D:\arci\project_archi\RegisterFile.vhd" Line 126: Actual for formal port lod is neither a static name nor a globally static expression
WARNING:HDLCompiler:946 - "D:\arci\project_archi\RegisterFile.vhd" Line 127: Actual for formal port lod is neither a static name nor a globally static expression
WARNING:HDLCompiler:946 - "D:\arci\project_archi\RegisterFile.vhd" Line 128: Actual for formal port lod is neither a static name nor a globally static expression

=========================================================================
*                            HDL Elaboration                            *
=========================================================================

Elaborating entity <RegisterFile> (architecture <Behavioral>) with generics from library <work>.
WARNING:HDLCompiler:244 - "D:\arci\project_archi\OURLIBRARY.vhd" Line 59: Binding entity decoder does not have generic n
INFO:HDLCompiler:1408 - "D:\arci\project_archi\decoder.vhd" Line 33. decoder is declared here

Elaborating entity <decoder> (architecture <Behavioral>) from library <work>.
INFO:HDLCompiler:1408 - "D:\arci\project_archi\decoder.vhd" Line 33. decoder is declared here

Elaborating entity <reg> (architecture <Behavioral>) with generics from library <work>.

Elaborating entity <mux32> (architecture <Behavioral>) with generics from library <work>.

=========================================================================
*                           HDL Synthesis                               *
=========================================================================

Synthesizing Unit <RegisterFile>.
    Related source file is "D:\arci\project_archi\RegisterFile.vhd".
        n = 32
    Summary:
	no macro.
Unit <RegisterFile> synthesized.

Synthesizing Unit <decoder>.
    Related source file is "D:\arci\project_archi\decoder.vhd".
    Found 32x32-bit Read Only RAM for signal <X_7_o_GND_7_o_mux_63_OUT>
    Found 1-bit tristate buffer for signal <output<31>> created at line 43
    Found 1-bit tristate buffer for signal <output<30>> created at line 43
    Found 1-bit tristate buffer for signal <output<29>> created at line 43
    Found 1-bit tristate buffer for signal <output<28>> created at line 43
    Found 1-bit tristate buffer for signal <output<27>> created at line 43
    Found 1-bit tristate buffer for signal <output<26>> created at line 43
    Found 1-bit tristate buffer for signal <output<25>> created at line 43
    Found 1-bit tristate buffer for signal <output<24>> created at line 43
    Found 1-bit tristate buffer for signal <output<23>> created at line 43
    Found 1-bit tristate buffer for signal <output<22>> created at line 43
    Found 1-bit tristate buffer for signal <output<21>> created at line 43
    Found 1-bit tristate buffer for signal <output<20>> created at line 43
    Found 1-bit tristate buffer for signal <output<19>> created at line 43
    Found 1-bit tristate buffer for signal <output<18>> created at line 43
    Found 1-bit tristate buffer for signal <output<17>> created at line 43
    Found 1-bit tristate buffer for signal <output<16>> created at line 43
    Found 1-bit tristate buffer for signal <output<15>> created at line 43
    Found 1-bit tristate buffer for signal <output<14>> created at line 43
    Found 1-bit tristate buffer for signal <output<13>> created at line 43
    Found 1-bit tristate buffer for signal <output<12>> created at line 43
    Found 1-bit tristate buffer for signal <output<11>> created at line 43
    Found 1-bit tristate buffer for signal <output<10>> created at line 43
    Found 1-bit tristate buffer for signal <output<9>> created at line 43
    Found 1-bit tristate buffer for signal <output<8>> created at line 43
    Found 1-bit tristate buffer for signal <output<7>> created at line 43
    Found 1-bit tristate buffer for signal <output<6>> created at line 43
    Found 1-bit tristate buffer for signal <output<5>> created at line 43
    Found 1-bit tristate buffer for signal <output<4>> created at line 43
    Found 1-bit tristate buffer for signal <output<3>> created at line 43
    Found 1-bit tristate buffer for signal <output<2>> created at line 43
    Found 1-bit tristate buffer for signal <output<1>> created at line 43
    Found 1-bit tristate buffer for signal <output<0>> created at line 43
    Summary:
	inferred   1 RAM(s).
	inferred  32 Tristate(s).
Unit <decoder> synthesized.

Synthesizing Unit <reg>.
    Related source file is "D:\arci\project_archi\reg.vhd".
        n = 32
    Found 32-bit register for signal <temp>.
    Found 32-bit adder for signal <temp[31]_GND_40_o_add_0_OUT> created at line 53.
    Summary:
	inferred   1 Adder/Subtractor(s).
	inferred  32 D-type flip-flop(s).
	inferred   1 Multiplexer(s).
Unit <reg> synthesized.

Synthesizing Unit <mux32>.
    Related source file is "D:\arci\project_archi\mux32.vhd".
        n = 32
    Found 1-bit 32-to-1 multiplexer for signal <Z_9_o_r1[31]_MUX_96_o> created at line 75.
    Found 1-bit 32-to-1 multiplexer for signal <Z_9_o_r1[30]_MUX_128_o> created at line 75.
    Found 1-bit 32-to-1 multiplexer for signal <Z_9_o_r1[29]_MUX_160_o> created at line 75.
    Found 1-bit 32-to-1 multiplexer for signal <Z_9_o_r1[28]_MUX_192_o> created at line 75.
    Found 1-bit 32-to-1 multiplexer for signal <Z_9_o_r1[27]_MUX_224_o> created at line 75.
    Found 1-bit 32-to-1 multiplexer for signal <Z_9_o_r1[26]_MUX_256_o> created at line 75.
    Found 1-bit 32-to-1 multiplexer for signal <Z_9_o_r1[25]_MUX_288_o> created at line 75.
    Found 1-bit 32-to-1 multiplexer for signal <Z_9_o_r1[24]_MUX_320_o> created at line 75.
    Found 1-bit 32-to-1 multiplexer for signal <Z_9_o_r1[23]_MUX_352_o> created at line 75.
    Found 1-bit 32-to-1 multiplexer for signal <Z_9_o_r1[22]_MUX_384_o> created at line 75.
    Found 1-bit 32-to-1 multiplexer for signal <Z_9_o_r1[21]_MUX_416_o> created at line 75.
    Found 1-bit 32-to-1 multiplexer for signal <Z_9_o_r1[20]_MUX_448_o> created at line 75.
    Found 1-bit 32-to-1 multiplexer for signal <Z_9_o_r1[19]_MUX_480_o> created at line 75.
    Found 1-bit 32-to-1 multiplexer for signal <Z_9_o_r1[18]_MUX_512_o> created at line 75.
    Found 1-bit 32-to-1 multiplexer for signal <Z_9_o_r1[17]_MUX_544_o> created at line 75.
    Found 1-bit 32-to-1 multiplexer for signal <Z_9_o_r1[16]_MUX_576_o> created at line 75.
    Found 1-bit 32-to-1 multiplexer for signal <Z_9_o_r1[15]_MUX_608_o> created at line 75.
    Found 1-bit 32-to-1 multiplexer for signal <Z_9_o_r1[14]_MUX_640_o> created at line 75.
    Found 1-bit 32-to-1 multiplexer for signal <Z_9_o_r1[13]_MUX_672_o> created at line 75.
    Found 1-bit 32-to-1 multiplexer for signal <Z_9_o_r1[12]_MUX_704_o> created at line 75.
    Found 1-bit 32-to-1 multiplexer for signal <Z_9_o_r1[11]_MUX_736_o> created at line 75.
    Found 1-bit 32-to-1 multiplexer for signal <Z_9_o_r1[10]_MUX_768_o> created at line 75.
    Found 1-bit 32-to-1 multiplexer for signal <Z_9_o_r1[9]_MUX_800_o> created at line 75.
    Found 1-bit 32-to-1 multiplexer for signal <Z_9_o_r1[8]_MUX_832_o> created at line 75.
    Found 1-bit 32-to-1 multiplexer for signal <Z_9_o_r1[7]_MUX_864_o> created at line 75.
    Found 1-bit 32-to-1 multiplexer for signal <Z_9_o_r1[6]_MUX_896_o> created at line 75.
    Found 1-bit 32-to-1 multiplexer for signal <Z_9_o_r1[5]_MUX_928_o> created at line 75.
    Found 1-bit 32-to-1 multiplexer for signal <Z_9_o_r1[4]_MUX_960_o> created at line 75.
    Found 1-bit 32-to-1 multiplexer for signal <Z_9_o_r1[3]_MUX_992_o> created at line 75.
    Found 1-bit 32-to-1 multiplexer for signal <Z_9_o_r1[2]_MUX_1024_o> created at line 75.
    Found 1-bit 32-to-1 multiplexer for signal <Z_9_o_r1[1]_MUX_1056_o> created at line 75.
    Found 1-bit 32-to-1 multiplexer for signal <Z_9_o_r1[0]_MUX_1088_o> created at line 75.
    Found 1-bit tristate buffer for signal <op<31>> created at line 75
    Found 1-bit tristate buffer for signal <op<30>> created at line 75
    Found 1-bit tristate buffer for signal <op<29>> created at line 75
    Found 1-bit tristate buffer for signal <op<28>> created at line 75
    Found 1-bit tristate buffer for signal <op<27>> created at line 75
    Found 1-bit tristate buffer for signal <op<26>> created at line 75
    Found 1-bit tristate buffer for signal <op<25>> created at line 75
    Found 1-bit tristate buffer for signal <op<24>> created at line 75
    Found 1-bit tristate buffer for signal <op<23>> created at line 75
    Found 1-bit tristate buffer for signal <op<22>> created at line 75
    Found 1-bit tristate buffer for signal <op<21>> created at line 75
    Found 1-bit tristate buffer for signal <op<20>> created at line 75
    Found 1-bit tristate buffer for signal <op<19>> created at line 75
    Found 1-bit tristate buffer for signal <op<18>> created at line 75
    Found 1-bit tristate buffer for signal <op<17>> created at line 75
    Found 1-bit tristate buffer for signal <op<16>> created at line 75
    Found 1-bit tristate buffer for signal <op<15>> created at line 75
    Found 1-bit tristate buffer for signal <op<14>> created at line 75
    Found 1-bit tristate buffer for signal <op<13>> created at line 75
    Found 1-bit tristate buffer for signal <op<12>> created at line 75
    Found 1-bit tristate buffer for signal <op<11>> created at line 75
    Found 1-bit tristate buffer for signal <op<10>> created at line 75
    Found 1-bit tristate buffer for signal <op<9>> created at line 75
    Found 1-bit tristate buffer for signal <op<8>> created at line 75
    Found 1-bit tristate buffer for signal <op<7>> created at line 75
    Found 1-bit tristate buffer for signal <op<6>> created at line 75
    Found 1-bit tristate buffer for signal <op<5>> created at line 75
    Found 1-bit tristate buffer for signal <op<4>> created at line 75
    Found 1-bit tristate buffer for signal <op<3>> created at line 75
    Found 1-bit tristate buffer for signal <op<2>> created at line 75
    Found 1-bit tristate buffer for signal <op<1>> created at line 75
    Found 1-bit tristate buffer for signal <op<0>> created at line 75
    Summary:
	inferred  32 Multiplexer(s).
	inferred  32 Tristate(s).
Unit <mux32> synthesized.

=========================================================================
HDL Synthesis Report

Macro Statistics
# RAMs                                                 : 1
 32x32-bit single-port Read Only RAM                   : 1
# Adders/Subtractors                                   : 32
 32-bit adder                                          : 32
# Registers                                            : 32
 32-bit register                                       : 32
# Multiplexers                                         : 96
 1-bit 32-to-1 multiplexer                             : 64
 32-bit 2-to-1 multiplexer                             : 32
# Tristates                                            : 96
 1-bit tristate buffer                                 : 96

=========================================================================

=========================================================================
*                       Advanced HDL Synthesis                          *
=========================================================================

WARNING:Xst - The specified part-type was not generated at build time. XST is loading the full part-type and will therefore consume more CPU and memory.
Loading device for application Rf_Device from file '7a100t.nph' in environment D:\14.7\ISE_DS\ISE\.
Loading device for application Rf_Device from file '7a100t.nph' in environment D:\14.7\ISE_DS\ISE\.

Synthesizing (advanced) Unit <decoder>.
INFO:Xst:3218 - HDL ADVISOR - The RAM <Mram_X_7_o_GND_7_o_mux_63_OUT> will be implemented on LUTs either because you have described an asynchronous read or because of currently unsupported block RAM features. If you have described an asynchronous read, making it synchronous would allow you to take advantage of available block RAM resources, for optimized device usage and improved timings. Please refer to your documentation for coding guidelines.
    -----------------------------------------------------------------------
    | ram_type           | Distributed                         |          |
    -----------------------------------------------------------------------
    | Port A                                                              |
    |     aspect ratio   | 32-word x 32-bit                    |          |
    |     weA            | connected to signal <GND>           | high     |
    |     addrA          | connected to signal <input>         |          |
    |     diA            | connected to signal <GND>           |          |
    |     doA            | connected to internal node          |          |
    -----------------------------------------------------------------------
Unit <decoder> synthesized (advanced).

Synthesizing (advanced) Unit <reg>.
The following registers are absorbed into counter <temp>: 1 register on signal <temp>.
Unit <reg> synthesized (advanced).

=========================================================================
Advanced HDL Synthesis Report

Macro Statistics
# RAMs                                                 : 1
 32x32-bit single-port distributed Read Only RAM       : 1
# Counters                                             : 32
 32-bit up counter                                     : 32
# Multiplexers                                         : 64
 1-bit 32-to-1 multiplexer                             : 64

=========================================================================

=========================================================================
*                         Low Level Synthesis                           *
=========================================================================

Optimizing unit <RegisterFile> ...

Mapping all equations...
Building and optimizing final netlist ...
Found area constraint ratio of 100 (+ 5) on block RegisterFile, actual ratio is 3.

Final Macro Processing ...

=========================================================================
Final Register Report

Macro Statistics
# Registers                                            : 1024
 Flip-Flops                                            : 1024

=========================================================================

=========================================================================
*                           Partition Report                            *
=========================================================================

Partition Implementation Status
-------------------------------

  No Partitions were found in this design.

-------------------------------

=========================================================================
*                            Design Summary                             *
=========================================================================

Top Level Output File Name         : RegisterFile.ngc

Primitive and Black Box Usage:
------------------------------
# BELS                             : 3809
#      GND                         : 1
#      LUT3                        : 1024
#      LUT6                        : 704
#      MUXCY                       : 992
#      MUXF7                       : 64
#      XORCY                       : 1024
# FlipFlops/Latches                : 1024
#      FDRE                        : 1024
# Clock Buffers                    : 1
#      BUFGP                       : 1
# IO Buffers                       : 112
#      IBUF                        : 48
#      OBUF                        : 64

Device utilization summary:
---------------------------

Selected Device : xa7a100tcsg324-2i 


Slice Logic Utilization: 
 Number of Slice Registers:            1024  out of  126800     0%  
 Number of Slice LUTs:                 1728  out of  63400     2%  
    Number used as Logic:              1728  out of  63400     2%  

Slice Logic Distribution: 
 Number of LUT Flip Flop pairs used:   1728
   Number with an unused Flip Flop:     704  out of   1728    40%  
   Number with an unused LUT:             0  out of   1728     0%  
   Number of fully used LUT-FF pairs:  1024  out of   1728    59%  
   Number of unique control sets:        32

IO Utilization: 
 Number of IOs:                         113
 Number of bonded IOBs:                 113  out of    210    53%  

Specific Feature Utilization:
 Number of BUFG/BUFGCTRLs:                1  out of     32     3%  

---------------------------
Partition Resource Summary:
---------------------------

  No Partitions were found in this design.

---------------------------


=========================================================================
Timing Report

NOTE: THESE TIMING NUMBERS ARE ONLY A SYNTHESIS ESTIMATE.
      FOR ACCURATE TIMING INFORMATION PLEASE REFER TO THE TRACE REPORT
      GENERATED AFTER PLACE-and-ROUTE.

Clock Information:
------------------
-----------------------------------+------------------------+-------+
Clock Signal                       | Clock buffer(FF name)  | Load  |
-----------------------------------+------------------------+-------+
clk                                | BUFGP                  | 1024  |
-----------------------------------+------------------------+-------+

Asynchronous Control Signals Information:
----------------------------------------
No asynchronous control signals found in this design

Timing Summary:
---------------
Speed Grade: -2

   Minimum period: 2.246ns (Maximum Frequency: 445.226MHz)
   Minimum input arrival time before clock: 3.080ns
   Maximum output required time after clock: 2.417ns
   Maximum combinational path delay: 2.354ns

Timing Details:
---------------
All values displayed in nanoseconds (ns)

=========================================================================
Timing constraint: Default period analysis for Clock 'clk'
  Clock period: 2.246ns (frequency: 445.226MHz)
  Total number of paths / destination ports: 16896 / 1024
-------------------------------------------------------------------------
Delay:               2.246ns (Levels of Logic = 33)
  Source:            regs32/temp_0 (FF)
  Destination:       regs32/temp_31 (FF)
  Source Clock:      clk rising
  Destination Clock: clk rising

  Data Path: regs32/temp_0 to regs32/temp_31
                                Gate     Net
    Cell:in->out      fanout   Delay   Delay  Logical Name (Net Name)
    ----------------------------------------  ------------
     FDRE:C->Q             3   0.361   0.367  regs32/temp_0 (regs32/temp_0)
     LUT3:I2->O            1   0.097   0.000  regs32/Mcount_temp_lut<0> (regs32/Mcount_temp_lut<0>)
     MUXCY:S->O            1   0.353   0.000  regs32/Mcount_temp_cy<0> (regs32/Mcount_temp_cy<0>)
     MUXCY:CI->O           1   0.023   0.000  regs32/Mcount_temp_cy<1> (regs32/Mcount_temp_cy<1>)
     MUXCY:CI->O           1   0.023   0.000  regs32/Mcount_temp_cy<2> (regs32/Mcount_temp_cy<2>)
     MUXCY:CI->O           1   0.023   0.000  regs32/Mcount_temp_cy<3> (regs32/Mcount_temp_cy<3>)
     MUXCY:CI->O           1   0.023   0.000  regs32/Mcount_temp_cy<4> (regs32/Mcount_temp_cy<4>)
     MUXCY:CI->O           1   0.023   0.000  regs32/Mcount_temp_cy<5> (regs32/Mcount_temp_cy<5>)
     MUXCY:CI->O           1   0.023   0.000  regs32/Mcount_temp_cy<6> (regs32/Mcount_temp_cy<6>)
     MUXCY:CI->O           1   0.023   0.000  regs32/Mcount_temp_cy<7> (regs32/Mcount_temp_cy<7>)
     MUXCY:CI->O           1   0.023   0.000  regs32/Mcount_temp_cy<8> (regs32/Mcount_temp_cy<8>)
     MUXCY:CI->O           1   0.023   0.000  regs32/Mcount_temp_cy<9> (regs32/Mcount_temp_cy<9>)
     MUXCY:CI->O           1   0.023   0.000  regs32/Mcount_temp_cy<10> (regs32/Mcount_temp_cy<10>)
     MUXCY:CI->O           1   0.023   0.000  regs32/Mcount_temp_cy<11> (regs32/Mcount_temp_cy<11>)
     MUXCY:CI->O           1   0.023   0.000  regs32/Mcount_temp_cy<12> (regs32/Mcount_temp_cy<12>)
     MUXCY:CI->O           1   0.023   0.000  regs32/Mcount_temp_cy<13> (regs32/Mcount_temp_cy<13>)
     MUXCY:CI->O           1   0.023   0.000  regs32/Mcount_temp_cy<14> (regs32/Mcount_temp_cy<14>)
     MUXCY:CI->O           1   0.023   0.000  regs32/Mcount_temp_cy<15> (regs32/Mcount_temp_cy<15>)
     MUXCY:CI->O           1   0.023   0.000  regs32/Mcount_temp_cy<16> (regs32/Mcount_temp_cy<16>)
     MUXCY:CI->O           1   0.023   0.000  regs32/Mcount_temp_cy<17> (regs32/Mcount_temp_cy<17>)
     MUXCY:CI->O           1   0.023   0.000  regs32/Mcount_temp_cy<18> (regs32/Mcount_temp_cy<18>)
     MUXCY:CI->O           1   0.023   0.000  regs32/Mcount_temp_cy<19> (regs32/Mcount_temp_cy<19>)
     MUXCY:CI->O           1   0.023   0.000  regs32/Mcount_temp_cy<20> (regs32/Mcount_temp_cy<20>)
     MUXCY:CI->O           1   0.023   0.000  regs32/Mcount_temp_cy<21> (regs32/Mcount_temp_cy<21>)
     MUXCY:CI->O           1   0.023   0.000  regs32/Mcount_temp_cy<22> (regs32/Mcount_temp_cy<22>)
     MUXCY:CI->O           1   0.023   0.000  regs32/Mcount_temp_cy<23> (regs32/Mcount_temp_cy<23>)
     MUXCY:CI->O           1   0.023   0.000  regs32/Mcount_temp_cy<24> (regs32/Mcount_temp_cy<24>)
     MUXCY:CI->O           1   0.023   0.000  regs32/Mcount_temp_cy<25> (regs32/Mcount_temp_cy<25>)
     MUXCY:CI->O           1   0.023   0.000  regs32/Mcount_temp_cy<26> (regs32/Mcount_temp_cy<26>)
     MUXCY:CI->O           1   0.023   0.000  regs32/Mcount_temp_cy<27> (regs32/Mcount_temp_cy<27>)
     MUXCY:CI->O           1   0.023   0.000  regs32/Mcount_temp_cy<28> (regs32/Mcount_temp_cy<28>)
     MUXCY:CI->O           1   0.023   0.000  regs32/Mcount_temp_cy<29> (regs32/Mcount_temp_cy<29>)
     MUXCY:CI->O           0   0.023   0.000  regs32/Mcount_temp_cy<30> (regs32/Mcount_temp_cy<30>)
     XORCY:CI->O           1   0.370   0.000  regs32/Mcount_temp_xor<31> (regs32/Mcount_temp31)
     FDRE:D                    0.008          regs32/temp_31
    ----------------------------------------
    Total                      2.246ns (1.879ns logic, 0.367ns route)
                                       (83.7% logic, 16.3% route)

=========================================================================
Timing constraint: Default OFFSET IN BEFORE for Clock 'clk'
  Total number of paths / destination ports: 130560 / 2048
-------------------------------------------------------------------------
Offset:              3.080ns (Levels of Logic = 35)
  Source:            write_sel<3> (PAD)
  Destination:       regs32/temp_31 (FF)
  Destination Clock: clk rising

  Data Path: write_sel<3> to regs32/temp_31
                                Gate     Net
    Cell:in->out      fanout   Delay   Delay  Logical Name (Net Name)
    ----------------------------------------  ------------
     IBUF:I->O            64   0.001   0.889  write_sel_3_IBUF (write_sel_3_IBUF)
     LUT6:I0->O           64   0.097   0.575  write_ena_outt[8]_AND_9_o1 (regs9/_n0021_inv)
     LUT3:I1->O            1   0.097   0.000  regs9/Mcount_temp_lut<0> (regs9/Mcount_temp_lut<0>)
     MUXCY:S->O            1   0.353   0.000  regs9/Mcount_temp_cy<0> (regs9/Mcount_temp_cy<0>)
     MUXCY:CI->O           1   0.023   0.000  regs9/Mcount_temp_cy<1> (regs9/Mcount_temp_cy<1>)
     MUXCY:CI->O           1   0.023   0.000  regs9/Mcount_temp_cy<2> (regs9/Mcount_temp_cy<2>)
     MUXCY:CI->O           1   0.023   0.000  regs9/Mcount_temp_cy<3> (regs9/Mcount_temp_cy<3>)
     MUXCY:CI->O           1   0.023   0.000  regs9/Mcount_temp_cy<4> (regs9/Mcount_temp_cy<4>)
     MUXCY:CI->O           1   0.023   0.000  regs9/Mcount_temp_cy<5> (regs9/Mcount_temp_cy<5>)
     MUXCY:CI->O           1   0.023   0.000  regs9/Mcount_temp_cy<6> (regs9/Mcount_temp_cy<6>)
     MUXCY:CI->O           1   0.023   0.000  regs9/Mcount_temp_cy<7> (regs9/Mcount_temp_cy<7>)
     MUXCY:CI->O           1   0.023   0.000  regs9/Mcount_temp_cy<8> (regs9/Mcount_temp_cy<8>)
     MUXCY:CI->O           1   0.023   0.000  regs9/Mcount_temp_cy<9> (regs9/Mcount_temp_cy<9>)
     MUXCY:CI->O           1   0.023   0.000  regs9/Mcount_temp_cy<10> (regs9/Mcount_temp_cy<10>)
     MUXCY:CI->O           1   0.023   0.000  regs9/Mcount_temp_cy<11> (regs9/Mcount_temp_cy<11>)
     MUXCY:CI->O           1   0.023   0.000  regs9/Mcount_temp_cy<12> (regs9/Mcount_temp_cy<12>)
     MUXCY:CI->O           1   0.023   0.000  regs9/Mcount_temp_cy<13> (regs9/Mcount_temp_cy<13>)
     MUXCY:CI->O           1   0.023   0.000  regs9/Mcount_temp_cy<14> (regs9/Mcount_temp_cy<14>)
     MUXCY:CI->O           1   0.023   0.000  regs9/Mcount_temp_cy<15> (regs9/Mcount_temp_cy<15>)
     MUXCY:CI->O           1   0.023   0.000  regs9/Mcount_temp_cy<16> (regs9/Mcount_temp_cy<16>)
     MUXCY:CI->O           1   0.023   0.000  regs9/Mcount_temp_cy<17> (regs9/Mcount_temp_cy<17>)
     MUXCY:CI->O           1   0.023   0.000  regs9/Mcount_temp_cy<18> (regs9/Mcount_temp_cy<18>)
     MUXCY:CI->O           1   0.023   0.000  regs9/Mcount_temp_cy<19> (regs9/Mcount_temp_cy<19>)
     MUXCY:CI->O           1   0.023   0.000  regs9/Mcount_temp_cy<20> (regs9/Mcount_temp_cy<20>)
     MUXCY:CI->O           1   0.023   0.000  regs9/Mcount_temp_cy<21> (regs9/Mcount_temp_cy<21>)
     MUXCY:CI->O           1   0.023   0.000  regs9/Mcount_temp_cy<22> (regs9/Mcount_temp_cy<22>)
     MUXCY:CI->O           1   0.023   0.000  regs9/Mcount_temp_cy<23> (regs9/Mcount_temp_cy<23>)
     MUXCY:CI->O           1   0.023   0.000  regs9/Mcount_temp_cy<24> (regs9/Mcount_temp_cy<24>)
     MUXCY:CI->O           1   0.023   0.000  regs9/Mcount_temp_cy<25> (regs9/Mcount_temp_cy<25>)
     MUXCY:CI->O           1   0.023   0.000  regs9/Mcount_temp_cy<26> (regs9/Mcount_temp_cy<26>)
     MUXCY:CI->O           1   0.023   0.000  regs9/Mcount_temp_cy<27> (regs9/Mcount_temp_cy<27>)
     MUXCY:CI->O           1   0.023   0.000  regs9/Mcount_temp_cy<28> (regs9/Mcount_temp_cy<28>)
     MUXCY:CI->O           1   0.023   0.000  regs9/Mcount_temp_cy<29> (regs9/Mcount_temp_cy<29>)
     MUXCY:CI->O           0   0.023   0.000  regs9/Mcount_temp_cy<30> (regs9/Mcount_temp_cy<30>)
     XORCY:CI->O           1   0.370   0.000  regs9/Mcount_temp_xor<31> (regs9/Mcount_temp31)
     FDRE:D                    0.008          regs9/temp_31
    ----------------------------------------
    Total                      3.080ns (1.616ns logic, 1.464ns route)
                                       (52.5% logic, 47.5% route)

=========================================================================
Timing constraint: Default OFFSET OUT AFTER for Clock 'clk'
  Total number of paths / destination ports: 2048 / 64
-------------------------------------------------------------------------
Offset:              2.417ns (Levels of Logic = 4)
  Source:            regs27/temp_31 (FF)
  Destination:       data1<31> (PAD)
  Source Clock:      clk rising

  Data Path: regs27/temp_31 to data1<31>
                                Gate     Net
    Cell:in->out      fanout   Delay   Delay  Logical Name (Net Name)
    ----------------------------------------  ------------
     FDRE:C->Q             3   0.361   0.628  regs27/temp_31 (regs27/temp_31)
     LUT6:I2->O            1   0.097   0.616  muxx2/Mmux_Z_9_o_r1[31]_MUX_96_o_81 (muxx2/Mmux_Z_9_o_r1[31]_MUX_96_o_81)
     LUT6:I2->O            1   0.097   0.000  muxx2/Mmux_Z_9_o_r1[31]_MUX_96_o_3 (muxx2/Mmux_Z_9_o_r1[31]_MUX_96_o_3)
     MUXF7:I1->O           1   0.279   0.339  muxx2/Mmux_Z_9_o_r1[31]_MUX_96_o_2_f7 (data2_31_OBUF)
     OBUF:I->O                 0.000          data2_31_OBUF (data2<31>)
    ----------------------------------------
    Total                      2.417ns (0.834ns logic, 1.583ns route)
                                       (34.5% logic, 65.5% route)

=========================================================================
Timing constraint: Default path analysis
  Total number of paths / destination ports: 1344 / 64
-------------------------------------------------------------------------
Delay:               2.354ns (Levels of Logic = 5)
  Source:            read_sel1<1> (PAD)
  Destination:       data1<31> (PAD)

  Data Path: read_sel1<1> to data1<31>
                                Gate     Net
    Cell:in->out      fanout   Delay   Delay  Logical Name (Net Name)
    ----------------------------------------  ------------
     IBUF:I->O           256   0.001   0.924  read_sel1_1_IBUF (read_sel1_1_IBUF)
     LUT6:I0->O            1   0.097   0.616  muxx/Mmux_Z_9_o_r1[0]_MUX_1088_o_81 (muxx/Mmux_Z_9_o_r1[0]_MUX_1088_o_81)
     LUT6:I2->O            1   0.097   0.000  muxx/Mmux_Z_9_o_r1[0]_MUX_1088_o_3 (muxx/Mmux_Z_9_o_r1[0]_MUX_1088_o_3)
     MUXF7:I1->O           1   0.279   0.339  muxx/Mmux_Z_9_o_r1[0]_MUX_1088_o_2_f7 (data1_0_OBUF)
     OBUF:I->O                 0.000          data1_0_OBUF (data1<0>)
    ----------------------------------------
    Total                      2.354ns (0.474ns logic, 1.880ns route)
                                       (20.1% logic, 79.9% route)

=========================================================================

Cross Clock Domains Report:
--------------------------

Clock to Setup on destination clock clk
---------------+---------+---------+---------+---------+
               | Src:Rise| Src:Fall| Src:Rise| Src:Fall|
Source Clock   |Dest:Rise|Dest:Rise|Dest:Fall|Dest:Fall|
---------------+---------+---------+---------+---------+
clk            |    2.246|         |         |         |
---------------+---------+---------+---------+---------+

=========================================================================


Total REAL time to Xst completion: 54.00 secs
Total CPU time to Xst completion: 53.48 secs
 
--> 

Total memory usage is 4994116 kilobytes

Number of errors   :    0 (   0 filtered)
Number of warnings :   34 (   0 filtered)
Number of infos    :    1 (   0 filtered)

